<?xml version="1.0" encoding="UTF-8"?>
<!-- Generated by org.testng.reporters.JUnitXMLReporter -->
<testsuite ignored="0" hostname="DESKTOP-SAVKB1L" failures="0" tests="4" name="RunTests" time="41.113" errors="0" timestamp="02 Aug 2020 22:30:01 GMT">
  <testcase classname="tests.HomePageTests" name="verifyIfPageLoaded" time="1.078"/>
  <testcase classname="tests.HomePageTests" name="mobileRecharge" time="1.083"/>
  <testcase classname="tests.HomePageTests" name="cardDetails" time="18.2"/>
  <testcase classname="tests.HomePageTests" name="verifyIfRechargeSuccessfull" time="15.936"/>
</testsuite> <!-- RunTests -->
